<?xml version="1.0" encoding="UTF-8"?>
<!-- Generated by org.testng.reporters.JUnitReportReporter -->
<testsuite hostname="LD-DiptiRanjan" failures="0" tests="1" name="TESTNG_framework.Alertscen" time="44.715" errors="0" timestamp="2023-05-11T17:18:11 IST" skipped="0">
  <testcase classname="TESTNG_framework.Alertscen" name="demo" time="44.715"/>
  <system-out/>
</testsuite> <!-- TESTNG_framework.Alertscen -->
