<?xml version="1.0" encoding="UTF-8"?>
<!-- Generated by org.testng.reporters.JUnitReportReporter -->
<testsuite hostname="LD-DiptiRanjan" failures="0" tests="1" name="Test31date.Testing_2TestNG" time="14.927" errors="0" timestamp="2023-05-31T13:03:30 IST" skipped="0">
  <testcase classname="Test31date.Testing_2TestNG" name="automation" time="14.927"/>
  <system-out/>
</testsuite> <!-- Test31date.Testing_2TestNG -->
