<?xml version="1.0" encoding="UTF-8"?>
<!-- Generated by org.testng.reporters.JUnitReportReporter -->
<testsuite hostname="LD-DiptiRanjan" failures="0" tests="1" name="TestNGannotations.TestNGAnnotations" time="0.012" errors="0" timestamp="2023-06-21T12:52:39 IST" skipped="0">
  <testcase classname="TestNGannotations.TestNGAnnotations" name="login" time="0.012"/>
  <system-out/>
</testsuite> <!-- TestNGannotations.TestNGAnnotations -->
