<?xml version="1.0" encoding="UTF-8"?>
<!-- Generated by org.testng.reporters.JUnitReportReporter -->
<testsuite hostname="LD-DiptiRanjan" failures="0" tests="3" name="TESTNG_framework.TestClassAnnotation" time="6.131" errors="0" timestamp="2023-05-11T12:26:46 IST" skipped="0">
  <testcase classname="TESTNG_framework.TestClassAnnotation" name="Invoke_Google" time="1.723"/>
  <system-out/>
  <testcase classname="TESTNG_framework.TestClassAnnotation" name="Input_Search_String" time="2.080"/>
  <system-out/>
  <testcase classname="TESTNG_framework.TestClassAnnotation" name="Click_On_Enter_Key" time="2.328"/>
  <system-out/>
</testsuite> <!-- TESTNG_framework.TestClassAnnotation -->
